<?xml version="1.0" encoding="UTF-8" standalone="no"?>
<!DOCTYPE log SYSTEM "logger.dtd">
<log>
<record>
  <date>2019-07-25T22:52:48</date>
  <millis>1564066368038</millis>
  <sequence>0</sequence>
  <level>START</level>
  <class>com.kms.katalon.core.logging.XmlKeywordLogger</class>
  <method>startSuite</method>
  <thread>1</thread>
  <message>Start Test Suite : Test Suites/TS_Regression</message>
  <nestedLevel>0</nestedLevel>
  <property name="name">TS_Regression</property>
  <property name="description"></property>
  <property name="id">Test Suites/TS_Regression</property>
</record>
<record>
  <date>2019-07-25T22:52:48</date>
  <millis>1564066368053</millis>
  <sequence>1</sequence>
  <level>RUN_DATA</level>
  <class>com.kms.katalon.core.logging.XmlKeywordLogger</class>
  <method>logMessage</method>
  <thread>1</thread>
  <message>hostName = Zhang Xiangyu - DESKTOP-KBJN179</message>
  <nestedLevel>0</nestedLevel>
  <property name="hostName">Zhang Xiangyu - DESKTOP-KBJN179</property>
</record>
<record>
  <date>2019-07-25T22:52:48</date>
  <millis>1564066368054</millis>
  <sequence>2</sequence>
  <level>RUN_DATA</level>
  <class>com.kms.katalon.core.logging.XmlKeywordLogger</class>
  <method>logMessage</method>
  <thread>1</thread>
  <message>os = Windows 10 64bit</message>
  <nestedLevel>0</nestedLevel>
  <property name="os">Windows 10 64bit</property>
</record>
<record>
  <date>2019-07-25T22:52:48</date>
  <millis>1564066368054</millis>
  <sequence>3</sequence>
  <level>RUN_DATA</level>
  <class>com.kms.katalon.core.logging.XmlKeywordLogger</class>
  <method>logMessage</method>
  <thread>1</thread>
  <message>hostAddress = 198.18.54.121</message>
  <nestedLevel>0</nestedLevel>
  <property name="hostAddress">198.18.54.121</property>
</record>
<record>
  <date>2019-07-25T22:52:48</date>
  <millis>1564066368055</millis>
  <sequence>4</sequence>
  <level>RUN_DATA</level>
  <class>com.kms.katalon.core.logging.XmlKeywordLogger</class>
  <method>logMessage</method>
  <thread>1</thread>
  <message>katalonVersion = 6.2.1.2</message>
  <nestedLevel>0</nestedLevel>
  <property name="katalonVersion">6.2.1.2</property>
</record>
<record>
  <date>2019-07-25T22:52:48</date>
  <millis>1564066368296</millis>
  <sequence>5</sequence>
  <level>START</level>
  <class>com.kms.katalon.core.logging.XmlKeywordLogger</class>
  <method>startTest</method>
  <thread>1</thread>
  <message>Start Test Case : Test Cases/DataDrivenDemoTest</message>
  <nestedLevel>1</nestedLevel>
  <property name="name">Test Cases/DataDrivenDemoTest</property>
  <property name="description"></property>
  <property name="id">Test Cases/DataDrivenDemoTest</property>
  <property name="source">C:\\Users\\Zhang Xiangyu\\Katalon Studio\\API Demo Project\\Test Cases\\DataDrivenDemoTest.tc</property>
  <property name="tag"></property>
  <property name="isOptional">false</property>
</record>
<record>
  <date>2019-07-25T22:52:48</date>
  <millis>1564066368315</millis>
  <sequence>7</sequence>
  <level>INFO</level>
  <class>com.kms.katalon.core.logging.XmlKeywordLogger</class>
  <method>logMessage</method>
  <thread>1</thread>
  <message>userName = Tony</message>
  <nestedLevel>1</nestedLevel>
</record>
<record>
  <date>2019-07-25T22:52:48</date>
  <millis>1564066368651</millis>
  <sequence>8</sequence>
  <level>START</level>
  <class>com.kms.katalon.core.logging.XmlKeywordLogger</class>
  <method>startKeyword</method>
  <thread>1</thread>
  <message>Start action : println(\&amp;quot;...using username: \&amp;quot; + userName)</message>
  <nestedLevel>1</nestedLevel>
  <property name="startLine">16</property>
  <property name="stepIndex">1</property>
</record>
<record>
  <date>2019-07-25T22:52:48</date>
  <millis>1564066368655</millis>
  <sequence>9</sequence>
  <level>END</level>
  <class>com.kms.katalon.core.logging.XmlKeywordLogger</class>
  <method>endKeyword</method>
  <thread>1</thread>
  <message>End action : println(\&amp;quot;...using username: \&amp;quot; + userName)</message>
  <nestedLevel>1</nestedLevel>
</record>
<record>
  <date>2019-07-25T22:52:48</date>
  <millis>1564066368655</millis>
  <sequence>10</sequence>
  <level>START</level>
  <class>com.kms.katalon.core.logging.XmlKeywordLogger</class>
  <method>startKeyword</method>
  <thread>1</thread>
  <message>Start action : sendRequest(findTestObject(\&amp;quot;UserRESTService/CreateUser\&amp;quot;, [\&amp;quot;userName\&amp;quot;:userName]))</message>
  <nestedLevel>1</nestedLevel>
  <property name="startLine">17</property>
  <property name="stepIndex">2</property>
</record>
<record>
  <date>2019-07-25T22:52:50</date>
  <millis>1564066370939</millis>
  <sequence>13</sequence>
  <level>INFO</level>
  <class>com.kms.katalon.core.logging.XmlKeywordLogger</class>
  <method>logMessage</method>
  <thread>1</thread>
  <message>HAR: C:\\Users\\Zhang Xiangyu\\Katalon Studio\\API Demo Project\\Reports\\TS_Regression\\20190725_225240\\requests\\main\\0.har</message>
  <nestedLevel>1</nestedLevel>
  <property name="harId">3837fea1-311f-4f51-9144-aa8f45d1bda5</property>
</record>
<record>
  <date>2019-07-25T22:52:51</date>
  <millis>1564066371017</millis>
  <sequence>14</sequence>
  <level>PASSED</level>
  <class>com.kms.katalon.core.logging.XmlKeywordLogger</class>
  <method>logMessage</method>
  <thread>1</thread>
  <message>Send request successfully</message>
  <nestedLevel>1</nestedLevel>
</record>
<record>
  <date>2019-07-25T22:52:51</date>
  <millis>1564066371017</millis>
  <sequence>15</sequence>
  <level>END</level>
  <class>com.kms.katalon.core.logging.XmlKeywordLogger</class>
  <method>endKeyword</method>
  <thread>1</thread>
  <message>End action : sendRequest(findTestObject(\&amp;quot;UserRESTService/CreateUser\&amp;quot;, [\&amp;quot;userName\&amp;quot;:userName]))</message>
  <nestedLevel>1</nestedLevel>
</record>
<record>
  <date>2019-07-25T22:52:51</date>
  <millis>1564066371017</millis>
  <sequence>16</sequence>
  <level>PASSED</level>
  <class>com.kms.katalon.core.logging.XmlKeywordLogger</class>
  <method>logMessage</method>
  <thread>1</thread>
  <message>Test Cases/DataDrivenDemoTest</message>
  <nestedLevel>1</nestedLevel>
</record>
<record>
  <date>2019-07-25T22:52:51</date>
  <millis>1564066371018</millis>
  <sequence>17</sequence>
  <level>END</level>
  <class>com.kms.katalon.core.logging.XmlKeywordLogger</class>
  <method>endTest</method>
  <thread>1</thread>
  <message>End Test Case : Test Cases/DataDrivenDemoTest</message>
  <nestedLevel>0</nestedLevel>
</record>
<record>
  <date>2019-07-25T22:52:51</date>
  <millis>1564066371022</millis>
  <sequence>18</sequence>
  <level>START</level>
  <class>com.kms.katalon.core.logging.XmlKeywordLogger</class>
  <method>startTest</method>
  <thread>1</thread>
  <message>Start Test Case : Test Cases/DataDrivenDemoTest</message>
  <nestedLevel>1</nestedLevel>
  <property name="name">Test Cases/DataDrivenDemoTest</property>
  <property name="description"></property>
  <property name="id">Test Cases/DataDrivenDemoTest</property>
  <property name="source">C:\\Users\\Zhang Xiangyu\\Katalon Studio\\API Demo Project\\Test Cases\\DataDrivenDemoTest.tc</property>
  <property name="tag"></property>
  <property name="isOptional">false</property>
</record>
<record>
  <date>2019-07-25T22:52:51</date>
  <millis>1564066371028</millis>
  <sequence>20</sequence>
  <level>INFO</level>
  <class>com.kms.katalon.core.logging.XmlKeywordLogger</class>
  <method>logMessage</method>
  <thread>1</thread>
  <message>userName = Automation</message>
  <nestedLevel>1</nestedLevel>
</record>
<record>
  <date>2019-07-25T22:52:51</date>
  <millis>1564066371030</millis>
  <sequence>21</sequence>
  <level>START</level>
  <class>com.kms.katalon.core.logging.XmlKeywordLogger</class>
  <method>startKeyword</method>
  <thread>1</thread>
  <message>Start action : println(\&amp;quot;...using username: \&amp;quot; + userName)</message>
  <nestedLevel>1</nestedLevel>
  <property name="startLine">16</property>
  <property name="stepIndex">1</property>
</record>
<record>
  <date>2019-07-25T22:52:51</date>
  <millis>1564066371031</millis>
  <sequence>22</sequence>
  <level>END</level>
  <class>com.kms.katalon.core.logging.XmlKeywordLogger</class>
  <method>endKeyword</method>
  <thread>1</thread>
  <message>End action : println(\&amp;quot;...using username: \&amp;quot; + userName)</message>
  <nestedLevel>1</nestedLevel>
</record>
<record>
  <date>2019-07-25T22:52:51</date>
  <millis>1564066371031</millis>
  <sequence>23</sequence>
  <level>START</level>
  <class>com.kms.katalon.core.logging.XmlKeywordLogger</class>
  <method>startKeyword</method>
  <thread>1</thread>
  <message>Start action : sendRequest(findTestObject(\&amp;quot;UserRESTService/CreateUser\&amp;quot;, [\&amp;quot;userName\&amp;quot;:userName]))</message>
  <nestedLevel>1</nestedLevel>
  <property name="startLine">17</property>
  <property name="stepIndex">2</property>
</record>
<record>
  <date>2019-07-25T22:52:52</date>
  <millis>1564066372335</millis>
  <sequence>26</sequence>
  <level>INFO</level>
  <class>com.kms.katalon.core.logging.XmlKeywordLogger</class>
  <method>logMessage</method>
  <thread>1</thread>
  <message>HAR: C:\\Users\\Zhang Xiangyu\\Katalon Studio\\API Demo Project\\Reports\\TS_Regression\\20190725_225240\\requests\\main\\1.har</message>
  <nestedLevel>1</nestedLevel>
  <property name="harId">0eced1d9-59ae-422b-bace-2ba36121509e</property>
</record>
<record>
  <date>2019-07-25T22:52:52</date>
  <millis>1564066372347</millis>
  <sequence>27</sequence>
  <level>PASSED</level>
  <class>com.kms.katalon.core.logging.XmlKeywordLogger</class>
  <method>logMessage</method>
  <thread>1</thread>
  <message>Send request successfully</message>
  <nestedLevel>1</nestedLevel>
</record>
<record>
  <date>2019-07-25T22:52:52</date>
  <millis>1564066372348</millis>
  <sequence>28</sequence>
  <level>END</level>
  <class>com.kms.katalon.core.logging.XmlKeywordLogger</class>
  <method>endKeyword</method>
  <thread>1</thread>
  <message>End action : sendRequest(findTestObject(\&amp;quot;UserRESTService/CreateUser\&amp;quot;, [\&amp;quot;userName\&amp;quot;:userName]))</message>
  <nestedLevel>1</nestedLevel>
</record>
<record>
  <date>2019-07-25T22:52:52</date>
  <millis>1564066372348</millis>
  <sequence>29</sequence>
  <level>PASSED</level>
  <class>com.kms.katalon.core.logging.XmlKeywordLogger</class>
  <method>logMessage</method>
  <thread>1</thread>
  <message>Test Cases/DataDrivenDemoTest</message>
  <nestedLevel>1</nestedLevel>
</record>
<record>
  <date>2019-07-25T22:52:52</date>
  <millis>1564066372349</millis>
  <sequence>30</sequence>
  <level>END</level>
  <class>com.kms.katalon.core.logging.XmlKeywordLogger</class>
  <method>endTest</method>
  <thread>1</thread>
  <message>End Test Case : Test Cases/DataDrivenDemoTest</message>
  <nestedLevel>0</nestedLevel>
</record>
<record>
  <date>2019-07-25T22:52:52</date>
  <millis>1564066372353</millis>
  <sequence>31</sequence>
  <level>START</level>
  <class>com.kms.katalon.core.logging.XmlKeywordLogger</class>
  <method>startTest</method>
  <thread>1</thread>
  <message>Start Test Case : Test Cases/DataDrivenDemoTest</message>
  <nestedLevel>1</nestedLevel>
  <property name="name">Test Cases/DataDrivenDemoTest</property>
  <property name="description"></property>
  <property name="id">Test Cases/DataDrivenDemoTest</property>
  <property name="source">C:\\Users\\Zhang Xiangyu\\Katalon Studio\\API Demo Project\\Test Cases\\DataDrivenDemoTest.tc</property>
  <property name="tag"></property>
  <property name="isOptional">false</property>
</record>
<record>
  <date>2019-07-25T22:52:52</date>
  <millis>1564066372360</millis>
  <sequence>33</sequence>
  <level>INFO</level>
  <class>com.kms.katalon.core.logging.XmlKeywordLogger</class>
  <method>logMessage</method>
  <thread>1</thread>
  <message>userName = Katalon</message>
  <nestedLevel>1</nestedLevel>
</record>
<record>
  <date>2019-07-25T22:52:52</date>
  <millis>1564066372363</millis>
  <sequence>34</sequence>
  <level>START</level>
  <class>com.kms.katalon.core.logging.XmlKeywordLogger</class>
  <method>startKeyword</method>
  <thread>1</thread>
  <message>Start action : println(\&amp;quot;...using username: \&amp;quot; + userName)</message>
  <nestedLevel>1</nestedLevel>
  <property name="startLine">16</property>
  <property name="stepIndex">1</property>
</record>
<record>
  <date>2019-07-25T22:52:52</date>
  <millis>1564066372363</millis>
  <sequence>35</sequence>
  <level>END</level>
  <class>com.kms.katalon.core.logging.XmlKeywordLogger</class>
  <method>endKeyword</method>
  <thread>1</thread>
  <message>End action : println(\&amp;quot;...using username: \&amp;quot; + userName)</message>
  <nestedLevel>1</nestedLevel>
</record>
<record>
  <date>2019-07-25T22:52:52</date>
  <millis>1564066372364</millis>
  <sequence>36</sequence>
  <level>START</level>
  <class>com.kms.katalon.core.logging.XmlKeywordLogger</class>
  <method>startKeyword</method>
  <thread>1</thread>
  <message>Start action : sendRequest(findTestObject(\&amp;quot;UserRESTService/CreateUser\&amp;quot;, [\&amp;quot;userName\&amp;quot;:userName]))</message>
  <nestedLevel>1</nestedLevel>
  <property name="startLine">17</property>
  <property name="stepIndex">2</property>
</record>
<record>
  <date>2019-07-25T22:52:53</date>
  <millis>1564066373404</millis>
  <sequence>39</sequence>
  <level>INFO</level>
  <class>com.kms.katalon.core.logging.XmlKeywordLogger</class>
  <method>logMessage</method>
  <thread>1</thread>
  <message>HAR: C:\\Users\\Zhang Xiangyu\\Katalon Studio\\API Demo Project\\Reports\\TS_Regression\\20190725_225240\\requests\\main\\2.har</message>
  <nestedLevel>1</nestedLevel>
  <property name="harId">e239ede6-c9e4-40f7-ad9f-13f94a680b7c</property>
</record>
<record>
  <date>2019-07-25T22:52:53</date>
  <millis>1564066373409</millis>
  <sequence>40</sequence>
  <level>PASSED</level>
  <class>com.kms.katalon.core.logging.XmlKeywordLogger</class>
  <method>logMessage</method>
  <thread>1</thread>
  <message>Send request successfully</message>
  <nestedLevel>1</nestedLevel>
</record>
<record>
  <date>2019-07-25T22:52:53</date>
  <millis>1564066373409</millis>
  <sequence>41</sequence>
  <level>END</level>
  <class>com.kms.katalon.core.logging.XmlKeywordLogger</class>
  <method>endKeyword</method>
  <thread>1</thread>
  <message>End action : sendRequest(findTestObject(\&amp;quot;UserRESTService/CreateUser\&amp;quot;, [\&amp;quot;userName\&amp;quot;:userName]))</message>
  <nestedLevel>1</nestedLevel>
</record>
<record>
  <date>2019-07-25T22:52:53</date>
  <millis>1564066373409</millis>
  <sequence>42</sequence>
  <level>PASSED</level>
  <class>com.kms.katalon.core.logging.XmlKeywordLogger</class>
  <method>logMessage</method>
  <thread>1</thread>
  <message>Test Cases/DataDrivenDemoTest</message>
  <nestedLevel>1</nestedLevel>
</record>
<record>
  <date>2019-07-25T22:52:53</date>
  <millis>1564066373410</millis>
  <sequence>43</sequence>
  <level>END</level>
  <class>com.kms.katalon.core.logging.XmlKeywordLogger</class>
  <method>endTest</method>
  <thread>1</thread>
  <message>End Test Case : Test Cases/DataDrivenDemoTest</message>
  <nestedLevel>0</nestedLevel>
</record>
<record>
  <date>2019-07-25T22:52:53</date>
  <millis>1564066373505</millis>
  <sequence>44</sequence>
  <level>END</level>
  <class>com.kms.katalon.core.logging.XmlKeywordLogger</class>
  <method>endSuite</method>
  <thread>1</thread>
  <message>End Test Suite : Test Suites/TS_Regression</message>
  <nestedLevel>0</nestedLevel>
</record>
</log>
